{"/home/dafourius/Desktop/drip work/cro247/stellar-raise-contracts/frontend/utils/css_variables_usage.tsx": {"path":"/home/dafourius/Desktop/drip work/cro247/stellar-raise-contracts/frontend/utils/css_variables_usage.tsx","statementMap":{"0":{"start":{"line":418,"column":0},"end":{"line":418,"column":16}},"1":{"start":{"line":437,"column":0},"end":{"line":437,"column":16}},"2":{"start":{"line":456,"column":0},"end":{"line":456,"column":16}},"3":{"start":{"line":473,"column":0},"end":{"line":473,"column":16}},"4":{"start":{"line":14,"column":13},"end":{"line":163,"column":11}},"5":{"start":{"line":168,"column":13},"end":{"line":168,"column":35}},"6":{"start":{"line":169,"column":13},"end":{"line":169,"column":37}},"7":{"start":{"line":170,"column":13},"end":{"line":170,"column":43}},"8":{"start":{"line":171,"column":13},"end":{"line":171,"column":35}},"9":{"start":{"line":172,"column":13},"end":{"line":172,"column":36}},"10":{"start":{"line":173,"column":13},"end":{"line":173,"column":37}},"11":{"start":{"line":174,"column":13},"end":{"line":174,"column":40}},"12":{"start":{"line":175,"column":13},"end":{"line":175,"column":31}},"13":{"start":{"line":181,"column":13},"end":{"line":190,"column":11}},"14":{"start":{"line":201,"column":27},"end":{"line":201,"column":55}},"15":{"start":{"line":207,"column":30},"end":{"line":207,"column":94}},"16":{"start":{"line":220,"column":4},"end":{"line":220,"column":19}},"17":{"start":{"line":221,"column":4},"end":{"line":221,"column":36}},"18":{"start":{"line":218,"column":0},"end":{"line":218,"column":13}},"19":{"start":{"line":238,"column":4},"end":{"line":242,"column":5}},"20":{"start":{"line":239,"column":6},"end":{"line":241,"column":8}},"21":{"start":{"line":245,"column":4},"end":{"line":249,"column":5}},"22":{"start":{"line":246,"column":6},"end":{"line":248,"column":8}},"23":{"start":{"line":251,"column":4},"end":{"line":251,"column":16}},"24":{"start":{"line":261,"column":4},"end":{"line":265,"column":5}},"25":{"start":{"line":262,"column":6},"end":{"line":264,"column":8}},"26":{"start":{"line":266,"column":4},"end":{"line":266,"column":16}},"27":{"start":{"line":274,"column":4},"end":{"line":274,"column":33}},"28":{"start":{"line":229,"column":0},"end":{"line":229,"column":13}},"29":{"start":{"line":290,"column":4},"end":{"line":290,"column":55}},"30":{"start":{"line":302,"column":27},"end":{"line":302,"column":67}},"31":{"start":{"line":305,"column":4},"end":{"line":305,"column":61}},"32":{"start":{"line":308,"column":26},"end":{"line":308,"column":56}},"33":{"start":{"line":309,"column":18},"end":{"line":309,"column":71}},"34":{"start":{"line":312,"column":4},"end":{"line":312,"column":35}},"35":{"start":{"line":323,"column":27},"end":{"line":323,"column":67}},"36":{"start":{"line":326,"column":4},"end":{"line":326,"column":61}},"37":{"start":{"line":329,"column":4},"end":{"line":329,"column":45}},"38":{"start":{"line":332,"column":4},"end":{"line":332,"column":58}},"39":{"start":{"line":342,"column":27},"end":{"line":342,"column":67}},"40":{"start":{"line":345,"column":4},"end":{"line":345,"column":61}},"41":{"start":{"line":348,"column":4},"end":{"line":348,"column":54}},"42":{"start":{"line":359,"column":36},"end":{"line":359,"column":38}},"43":{"start":{"line":361,"column":4},"end":{"line":365,"column":5}},"44":{"start":{"line":362,"column":29},"end":{"line":362,"column":61}},"45":{"start":{"line":363,"column":6},"end":{"line":363,"column":63}},"46":{"start":{"line":364,"column":6},"end":{"line":364,"column":78}},"47":{"start":{"line":367,"column":4},"end":{"line":367,"column":18}},"48":{"start":{"line":376,"column":4},"end":{"line":380,"column":5}},"49":{"start":{"line":377,"column":6},"end":{"line":379,"column":7}},"50":{"start":{"line":378,"column":8},"end":{"line":378,"column":30}},"51":{"start":{"line":390,"column":27},"end":{"line":390,"column":67}},"52":{"start":{"line":391,"column":4},"end":{"line":391,"column":61}},"53":{"start":{"line":392,"column":4},"end":{"line":392,"column":43}},"54":{"start":{"line":402,"column":20},"end":{"line":402,"column":39}},"55":{"start":{"line":403,"column":4},"end":{"line":403,"column":63}},"56":{"start":{"line":282,"column":0},"end":{"line":282,"column":13}},"57":{"start":{"line":419,"column":2},"end":{"line":421,"column":3}},"58":{"start":{"line":420,"column":4},"end":{"line":420,"column":26}},"59":{"start":{"line":423,"column":18},"end":{"line":423,"column":41}},"60":{"start":{"line":424,"column":2},"end":{"line":424,"column":45}},"61":{"start":{"line":439,"column":25},"end":{"line":441,"column":32}},"62":{"start":{"line":443,"column":2},"end":{"line":443,"column":59}},"63":{"start":{"line":445,"column":2},"end":{"line":447,"column":3}},"64":{"start":{"line":446,"column":4},"end":{"line":446,"column":49}},"65":{"start":{"line":448,"column":2},"end":{"line":448,"column":34}},"66":{"start":{"line":458,"column":2},"end":{"line":458,"column":48}},"67":{"start":{"line":459,"column":2},"end":{"line":459,"column":31}},"68":{"start":{"line":474,"column":2},"end":{"line":474,"column":48}},"69":{"start":{"line":478,"column":0},"end":{"line":478,"column":33}}},"fnMap":{"0":{"name":"(anonymous_0)","decl":{"start":{"line":219,"column":2},"end":{"line":219,"column":14}},"loc":{"start":{"line":219,"column":29},"end":{"line":222,"column":3}}},"1":{"name":"(anonymous_1)","decl":{"start":{"line":236,"column":2},"end":{"line":236,"column":8}},"loc":{"start":{"line":236,"column":49},"end":{"line":252,"column":3}}},"2":{"name":"(anonymous_2)","decl":{"start":{"line":260,"column":2},"end":{"line":260,"column":8}},"loc":{"start":{"line":260,"column":35},"end":{"line":267,"column":3}}},"3":{"name":"(anonymous_3)","decl":{"start":{"line":273,"column":2},"end":{"line":273,"column":8}},"loc":{"start":{"line":273,"column":28},"end":{"line":275,"column":3}}},"4":{"name":"(anonymous_4)","decl":{"start":{"line":289,"column":2},"end":{"line":289,"column":14}},"loc":{"start":{"line":289,"column":35},"end":{"line":291,"column":3}}},"5":{"name":"(anonymous_5)","decl":{"start":{"line":300,"column":2},"end":{"line":300,"column":5}},"loc":{"start":{"line":300,"column":45},"end":{"line":313,"column":3}}},"6":{"name":"(anonymous_6)","decl":{"start":{"line":321,"column":2},"end":{"line":321,"column":5}},"loc":{"start":{"line":321,"column":41},"end":{"line":333,"column":3}}},"7":{"name":"(anonymous_7)","decl":{"start":{"line":340,"column":2},"end":{"line":340,"column":8}},"loc":{"start":{"line":340,"column":29},"end":{"line":349,"column":3}}},"8":{"name":"(anonymous_8)","decl":{"start":{"line":358,"column":2},"end":{"line":358,"column":13}},"loc":{"start":{"line":358,"column":56},"end":{"line":368,"column":3}}},"9":{"name":"(anonymous_9)","decl":{"start":{"line":375,"column":2},"end":{"line":375,"column":13}},"loc":{"start":{"line":375,"column":40},"end":{"line":381,"column":3}}},"10":{"name":"(anonymous_10)","decl":{"start":{"line":389,"column":2},"end":{"line":389,"column":5}},"loc":{"start":{"line":389,"column":26},"end":{"line":393,"column":3}}},"11":{"name":"(anonymous_11)","decl":{"start":{"line":401,"column":10},"end":{"line":401,"column":31}},"loc":{"start":{"line":401,"column":52},"end":{"line":404,"column":3}}},"12":{"name":"useCssVariable","decl":{"start":{"line":418,"column":16},"end":{"line":418,"column":30}},"loc":{"start":{"line":418,"column":70},"end":{"line":425,"column":1}}},"13":{"name":"cssVar","decl":{"start":{"line":437,"column":16},"end":{"line":437,"column":22}},"loc":{"start":{"line":437,"column":62},"end":{"line":449,"column":1}}},"14":{"name":"cssCalc","decl":{"start":{"line":456,"column":16},"end":{"line":456,"column":23}},"loc":{"start":{"line":456,"column":42},"end":{"line":460,"column":1}}},"15":{"name":"useDocsCssVariable","decl":{"start":{"line":473,"column":16},"end":{"line":473,"column":34}},"loc":{"start":{"line":473,"column":74},"end":{"line":475,"column":1}}}},"branchMap":{"0":{"loc":{"start":{"line":238,"column":4},"end":{"line":242,"column":5}},"type":"if","locations":[{"start":{"line":238,"column":4},"end":{"line":242,"column":5}},{"start":{},"end":{}}]},"1":{"loc":{"start":{"line":245,"column":4},"end":{"line":249,"column":5}},"type":"if","locations":[{"start":{"line":245,"column":4},"end":{"line":249,"column":5}},{"start":{},"end":{}}]},"2":{"loc":{"start":{"line":261,"column":4},"end":{"line":265,"column":5}},"type":"if","locations":[{"start":{"line":261,"column":4},"end":{"line":265,"column":5}},{"start":{},"end":{}}]},"3":{"loc":{"start":{"line":290,"column":19},"end":{"line":290,"column":54}},"type":"binary-expr","locations":[{"start":{"line":290,"column":19},"end":{"line":290,"column":26}},{"start":{"line":290,"column":30},"end":{"line":290,"column":54}}]},"4":{"loc":{"start":{"line":312,"column":11},"end":{"line":312,"column":34}},"type":"binary-expr","locations":[{"start":{"line":312,"column":11},"end":{"line":312,"column":16}},{"start":{"line":312,"column":20},"end":{"line":312,"column":28}},{"start":{"line":312,"column":32},"end":{"line":312,"column":34}}]},"5":{"loc":{"start":{"line":377,"column":6},"end":{"line":379,"column":7}},"type":"if","locations":[{"start":{"line":377,"column":6},"end":{"line":379,"column":7}},{"start":{},"end":{}}]},"6":{"loc":{"start":{"line":403,"column":11},"end":{"line":403,"column":62}},"type":"cond-expr","locations":[{"start":{"line":403,"column":38},"end":{"line":403,"column":45}},{"start":{"line":403,"column":48},"end":{"line":403,"column":62}}]},"7":{"loc":{"start":{"line":419,"column":2},"end":{"line":421,"column":3}},"type":"if","locations":[{"start":{"line":419,"column":2},"end":{"line":421,"column":3}},{"start":{},"end":{}}]},"8":{"loc":{"start":{"line":420,"column":11},"end":{"line":420,"column":25}},"type":"binary-expr","locations":[{"start":{"line":420,"column":11},"end":{"line":420,"column":19}},{"start":{"line":420,"column":23},"end":{"line":420,"column":25}}]},"9":{"loc":{"start":{"line":439,"column":25},"end":{"line":441,"column":32}},"type":"cond-expr","locations":[{"start":{"line":440,"column":6},"end":{"line":440,"column":25}},{"start":{"line":441,"column":6},"end":{"line":441,"column":32}}]},"10":{"loc":{"start":{"line":445,"column":2},"end":{"line":447,"column":3}},"type":"if","locations":[{"start":{"line":445,"column":2},"end":{"line":447,"column":3}},{"start":{},"end":{}}]}},"s":{"0":1,"1":1,"2":1,"3":1,"4":1,"5":1,"6":1,"7":1,"8":1,"9":1,"10":1,"11":1,"12":1,"13":1,"14":1,"15":1,"16":31,"17":31,"18":1,"19":46,"20":7,"21":39,"22":10,"23":29,"24":25,"25":14,"26":11,"27":2,"28":1,"29":27,"30":13,"31":13,"32":9,"33":9,"34":9,"35":10,"36":10,"37":8,"38":5,"39":2,"40":2,"41":1,"42":2,"43":2,"44":3,"45":3,"46":3,"47":2,"48":5,"49":6,"50":5,"51":3,"52":3,"53":1,"54":31,"55":31,"56":1,"57":2,"58":0,"59":2,"60":2,"61":5,"62":5,"63":4,"64":1,"65":3,"66":3,"67":2,"68":1,"69":1},"f":{"0":31,"1":46,"2":25,"3":2,"4":27,"5":13,"6":10,"7":2,"8":2,"9":5,"10":3,"11":31,"12":2,"13":5,"14":3,"15":1},"b":{"0":[7,39],"1":[10,29],"2":[14,11],"3":[27,2],"4":[9,2,1],"5":[5,1],"6":[28,3],"7":[0,2],"8":[0,0],"9":[2,3],"10":[1,3]}}
}
