TN:
SF:frontend/utils/css_variables_usage.tsx
FN:219,(anonymous_0)
FN:236,(anonymous_1)
FN:260,(anonymous_2)
FN:273,(anonymous_3)
FN:289,(anonymous_4)
FN:300,(anonymous_5)
FN:321,(anonymous_6)
FN:340,(anonymous_7)
FN:358,(anonymous_8)
FN:375,(anonymous_9)
FN:389,(anonymous_10)
FN:401,(anonymous_11)
FN:418,useCssVariable
FN:437,cssVar
FN:456,cssCalc
FN:473,useDocsCssVariable
FNF:16
FNH:16
FNDA:31,(anonymous_0)
FNDA:46,(anonymous_1)
FNDA:25,(anonymous_2)
FNDA:2,(anonymous_3)
FNDA:27,(anonymous_4)
FNDA:13,(anonymous_5)
FNDA:10,(anonymous_6)
FNDA:2,(anonymous_7)
FNDA:2,(anonymous_8)
FNDA:5,(anonymous_9)
FNDA:3,(anonymous_10)
FNDA:31,(anonymous_11)
FNDA:2,useCssVariable
FNDA:5,cssVar
FNDA:3,cssCalc
FNDA:1,useDocsCssVariable
DA:14,1
DA:168,1
DA:169,1
DA:170,1
DA:171,1
DA:172,1
DA:173,1
DA:174,1
DA:175,1
DA:181,1
DA:201,1
DA:207,1
DA:218,1
DA:220,31
DA:221,31
DA:229,1
DA:238,46
DA:239,7
DA:245,39
DA:246,10
DA:251,29
DA:261,25
DA:262,14
DA:266,11
DA:274,2
DA:282,1
DA:290,27
DA:302,13
DA:305,13
DA:308,9
DA:309,9
DA:312,9
DA:323,10
DA:326,10
DA:329,8
DA:332,5
DA:342,2
DA:345,2
DA:348,1
DA:359,2
DA:361,2
DA:362,3
DA:363,3
DA:364,3
DA:367,2
DA:376,5
DA:377,6
DA:378,5
DA:390,3
DA:391,3
DA:392,1
DA:402,31
DA:403,31
DA:418,1
DA:419,2
DA:420,0
DA:423,2
DA:424,2
DA:437,1
DA:439,5
DA:443,5
DA:445,4
DA:446,1
DA:448,3
DA:456,1
DA:458,3
DA:459,2
DA:473,1
DA:474,1
DA:478,1
LF:70
LH:69
BRDA:238,0,0,7
BRDA:238,0,1,39
BRDA:245,1,0,10
BRDA:245,1,1,29
BRDA:261,2,0,14
BRDA:261,2,1,11
BRDA:290,3,0,27
BRDA:290,3,1,2
BRDA:312,4,0,9
BRDA:312,4,1,2
BRDA:312,4,2,1
BRDA:377,5,0,5
BRDA:377,5,1,1
BRDA:403,6,0,28
BRDA:403,6,1,3
BRDA:419,7,0,0
BRDA:419,7,1,2
BRDA:420,8,0,0
BRDA:420,8,1,0
BRDA:439,9,0,2
BRDA:439,9,1,3
BRDA:445,10,0,1
BRDA:445,10,1,3
BRF:23
BRH:20
end_of_record
